Grammaire

    0 $accept: programme $end

    1 programme: MainPrgm IDF pvg Var declarations BeginPg acc_ouv instructions acc_fer EndPg pvg

    2 instruction: affectation
    3            | inOut
    4            | condition
    5            | boucle

    6 instructions: instruction
    7             | instructions instruction

    8 expression: IDF
    9           | constante
   10           | reel
   11           | chaine
   12           | IDF crochet_ouv expression crochet_fer
   13           | par_ouv expression AND expression par_fer
   14           | par_ouv expression OR expression par_fer
   15           | NOT par_ouv expression par_fer
   16           | expression add expression
   17           | expression sous expression
   18           | expression mult expression
   19           | expression division expression
   20           | par_ouv expression par_fer
   21           | expression inf expression
   22           | expression sup expression
   23           | expression inf_egal expression
   24           | expression sup_egal expression
   25           | expression egal expression
   26           | expression not_egal expression

   27 type: Int
   28     | reel

   29 declaration: let liste_idf separ_dec type pvg
   30            | let liste_idf separ_dec declaration_tableau

   31 declaration_tableau: crochet_ouv type pvg constante crochet_fer pvg

   32 liste_idf: IDF
   33          | liste_idf vg IDF

   34 const_declaration: at_sign define Const IDF separ_dec type affect_val constante pvg

   35 declarations: /* vide */
   36             | declaration declarations
   37             | const_declaration declarations

   38 inOut: input_var par_ouv IDF par_fer pvg
   39      | output_var par_ouv chaine vg IDF par_fer pvg
   40      | output_var par_ouv chaine par_fer pvg
   41      | output_var par_ouv IDF par_fer pvg

   42 affectation: IDF aff expression pvg
   43            | IDF crochet_ouv expression crochet_fer aff expression pvg

   44 condition: IF par_ouv expression par_fer THEN acc_ouv instructions acc_fer
   45          | IF par_ouv expression par_fer THEN acc_ouv instructions acc_fer ELSE acc_ouv instructions acc_fer

   46 boucle: DO bloc_instructions WHILE par_ouv expression par_fer pvg
   47       | FOR IDF FROM constante TO constante STEP constante bloc_instructions

   48 bloc_instructions: acc_ouv instructions acc_fer


Terminaux, suivis des règles où ils apparaissent

$end (0) 0
error (256)
MainPrgm (258) 1
Var (259) 1
BeginPg (260) 1
EndPg (261) 1
input_var (262) 38
output_var (263) 39 40 41
Const (264) 34
IDF (265) 1 8 12 32 33 34 38 39 41 42 43 47
let (266) 29 30
define (267) 34
at_sign (268) 34
chaine (269) 11 39 40
Int (270) 27
constante (271) 9 31 34 47
reel (272) 10 28
IF (273) 44 45
THEN (274) 44 45
ELSE (275) 45
DO (276) 46
WHILE (277) 46
FOR (278) 47
FROM (279) 47
TO (280) 47
STEP (281) 47
OR (282) 14
AND (283) 13
NOT (284) 15
aff (285) 42 43
affect_val (286) 34
pvg (287) 1 29 31 34 38 39 40 41 42 43 46
vg (288) 33 39
separ_dec (289) 29 30 34
add (290) 16
sous (291) 17
mult (292) 18
division (293) 19
inf_egal (294) 23
sup_egal (295) 24
inf (296) 21
sup (297) 22
egal (298) 25
not_egal (299) 26
acc_ouv (300) 1 44 45 48
acc_fer (301) 1 44 45 48
par_ouv (302) 13 14 15 20 38 39 40 41 44 45 46
par_fer (303) 13 14 15 20 38 39 40 41 44 45 46
crochet_ouv (304) 12 31 43
crochet_fer (305) 12 31 43


Non-terminaux, suivis des règles où ils apparaissent

$accept (51)
    à gauche: 0
programme (52)
    à gauche: 1, à droite: 0
instruction (53)
    à gauche: 2 3 4 5, à droite: 6 7
instructions (54)
    à gauche: 6 7, à droite: 1 7 44 45 48
expression (55)
    à gauche: 8 9 10 11 12 13 14 15 16 17 18 19 20 21 22 23 24 25 26,
    à droite: 12 13 14 15 16 17 18 19 20 21 22 23 24 25 26 42 43 44
    45 46
type (56)
    à gauche: 27 28, à droite: 29 31 34
declaration (57)
    à gauche: 29 30, à droite: 36
declaration_tableau (58)
    à gauche: 31, à droite: 30
liste_idf (59)
    à gauche: 32 33, à droite: 29 30 33
const_declaration (60)
    à gauche: 34, à droite: 37
declarations (61)
    à gauche: 35 36 37, à droite: 1 36 37
inOut (62)
    à gauche: 38 39 40 41, à droite: 3
affectation (63)
    à gauche: 42 43, à droite: 2
condition (64)
    à gauche: 44 45, à droite: 4
boucle (65)
    à gauche: 46 47, à droite: 5
bloc_instructions (66)
    à gauche: 48, à droite: 46 47


état 0

    0 $accept: . programme $end

    MainPrgm  décalage et aller à l'état 1

    programme  aller à l'état 2


état 1

    1 programme: MainPrgm . IDF pvg Var declarations BeginPg acc_ouv instructions acc_fer EndPg pvg

    IDF  décalage et aller à l'état 3


état 2

    0 $accept: programme . $end

    $end  décalage et aller à l'état 4


état 3

    1 programme: MainPrgm IDF . pvg Var declarations BeginPg acc_ouv instructions acc_fer EndPg pvg

    pvg  décalage et aller à l'état 5


état 4

    0 $accept: programme $end .

    $défaut  accepter


état 5

    1 programme: MainPrgm IDF pvg . Var declarations BeginPg acc_ouv instructions acc_fer EndPg pvg

    Var  décalage et aller à l'état 6


état 6

    1 programme: MainPrgm IDF pvg Var . declarations BeginPg acc_ouv instructions acc_fer EndPg pvg

    let      décalage et aller à l'état 7
    at_sign  décalage et aller à l'état 8

    $défaut  réduction par utilisation de la règle 35 (declarations)

    declaration        aller à l'état 9
    const_declaration  aller à l'état 10
    declarations       aller à l'état 11


état 7

   29 declaration: let . liste_idf separ_dec type pvg
   30            | let . liste_idf separ_dec declaration_tableau

    IDF  décalage et aller à l'état 12

    liste_idf  aller à l'état 13


état 8

   34 const_declaration: at_sign . define Const IDF separ_dec type affect_val constante pvg

    define  décalage et aller à l'état 14


état 9

   36 declarations: declaration . declarations

    let      décalage et aller à l'état 7
    at_sign  décalage et aller à l'état 8

    $défaut  réduction par utilisation de la règle 35 (declarations)

    declaration        aller à l'état 9
    const_declaration  aller à l'état 10
    declarations       aller à l'état 15


état 10

   37 declarations: const_declaration . declarations

    let      décalage et aller à l'état 7
    at_sign  décalage et aller à l'état 8

    $défaut  réduction par utilisation de la règle 35 (declarations)

    declaration        aller à l'état 9
    const_declaration  aller à l'état 10
    declarations       aller à l'état 16


état 11

    1 programme: MainPrgm IDF pvg Var declarations . BeginPg acc_ouv instructions acc_fer EndPg pvg

    BeginPg  décalage et aller à l'état 17


état 12

   32 liste_idf: IDF .

    $défaut  réduction par utilisation de la règle 32 (liste_idf)


état 13

   29 declaration: let liste_idf . separ_dec type pvg
   30            | let liste_idf . separ_dec declaration_tableau
   33 liste_idf: liste_idf . vg IDF

    vg         décalage et aller à l'état 18
    separ_dec  décalage et aller à l'état 19


état 14

   34 const_declaration: at_sign define . Const IDF separ_dec type affect_val constante pvg

    Const  décalage et aller à l'état 20


état 15

   36 declarations: declaration declarations .

    $défaut  réduction par utilisation de la règle 36 (declarations)


état 16

   37 declarations: const_declaration declarations .

    $défaut  réduction par utilisation de la règle 37 (declarations)


état 17

    1 programme: MainPrgm IDF pvg Var declarations BeginPg . acc_ouv instructions acc_fer EndPg pvg

    acc_ouv  décalage et aller à l'état 21


état 18

   33 liste_idf: liste_idf vg . IDF

    IDF  décalage et aller à l'état 22


état 19

   29 declaration: let liste_idf separ_dec . type pvg
   30            | let liste_idf separ_dec . declaration_tableau

    Int          décalage et aller à l'état 23
    reel         décalage et aller à l'état 24
    crochet_ouv  décalage et aller à l'état 25

    type                 aller à l'état 26
    declaration_tableau  aller à l'état 27


état 20

   34 const_declaration: at_sign define Const . IDF separ_dec type affect_val constante pvg

    IDF  décalage et aller à l'état 28


état 21

    1 programme: MainPrgm IDF pvg Var declarations BeginPg acc_ouv . instructions acc_fer EndPg pvg

    input_var   décalage et aller à l'état 29
    output_var  décalage et aller à l'état 30
    IDF         décalage et aller à l'état 31
    IF          décalage et aller à l'état 32
    DO          décalage et aller à l'état 33
    FOR         décalage et aller à l'état 34

    instruction   aller à l'état 35
    instructions  aller à l'état 36
    inOut         aller à l'état 37
    affectation   aller à l'état 38
    condition     aller à l'état 39
    boucle        aller à l'état 40


état 22

   33 liste_idf: liste_idf vg IDF .

    $défaut  réduction par utilisation de la règle 33 (liste_idf)


état 23

   27 type: Int .

    $défaut  réduction par utilisation de la règle 27 (type)


état 24

   28 type: reel .

    $défaut  réduction par utilisation de la règle 28 (type)


état 25

   31 declaration_tableau: crochet_ouv . type pvg constante crochet_fer pvg

    Int   décalage et aller à l'état 23
    reel  décalage et aller à l'état 24

    type  aller à l'état 41


état 26

   29 declaration: let liste_idf separ_dec type . pvg

    pvg  décalage et aller à l'état 42


état 27

   30 declaration: let liste_idf separ_dec declaration_tableau .

    $défaut  réduction par utilisation de la règle 30 (declaration)


état 28

   34 const_declaration: at_sign define Const IDF . separ_dec type affect_val constante pvg

    separ_dec  décalage et aller à l'état 43


état 29

   38 inOut: input_var . par_ouv IDF par_fer pvg

    par_ouv  décalage et aller à l'état 44


état 30

   39 inOut: output_var . par_ouv chaine vg IDF par_fer pvg
   40      | output_var . par_ouv chaine par_fer pvg
   41      | output_var . par_ouv IDF par_fer pvg

    par_ouv  décalage et aller à l'état 45


état 31

   42 affectation: IDF . aff expression pvg
   43            | IDF . crochet_ouv expression crochet_fer aff expression pvg

    aff          décalage et aller à l'état 46
    crochet_ouv  décalage et aller à l'état 47


état 32

   44 condition: IF . par_ouv expression par_fer THEN acc_ouv instructions acc_fer
   45          | IF . par_ouv expression par_fer THEN acc_ouv instructions acc_fer ELSE acc_ouv instructions acc_fer

    par_ouv  décalage et aller à l'état 48


état 33

   46 boucle: DO . bloc_instructions WHILE par_ouv expression par_fer pvg

    acc_ouv  décalage et aller à l'état 49

    bloc_instructions  aller à l'état 50


état 34

   47 boucle: FOR . IDF FROM constante TO constante STEP constante bloc_instructions

    IDF  décalage et aller à l'état 51


état 35

    6 instructions: instruction .

    $défaut  réduction par utilisation de la règle 6 (instructions)


état 36

    1 programme: MainPrgm IDF pvg Var declarations BeginPg acc_ouv instructions . acc_fer EndPg pvg
    7 instructions: instructions . instruction

    input_var   décalage et aller à l'état 29
    output_var  décalage et aller à l'état 30
    IDF         décalage et aller à l'état 31
    IF          décalage et aller à l'état 32
    DO          décalage et aller à l'état 33
    FOR         décalage et aller à l'état 34
    acc_fer     décalage et aller à l'état 52

    instruction  aller à l'état 53
    inOut        aller à l'état 37
    affectation  aller à l'état 38
    condition    aller à l'état 39
    boucle       aller à l'état 40


état 37

    3 instruction: inOut .

    $défaut  réduction par utilisation de la règle 3 (instruction)


état 38

    2 instruction: affectation .

    $défaut  réduction par utilisation de la règle 2 (instruction)


état 39

    4 instruction: condition .

    $défaut  réduction par utilisation de la règle 4 (instruction)


état 40

    5 instruction: boucle .

    $défaut  réduction par utilisation de la règle 5 (instruction)


état 41

   31 declaration_tableau: crochet_ouv type . pvg constante crochet_fer pvg

    pvg  décalage et aller à l'état 54


état 42

   29 declaration: let liste_idf separ_dec type pvg .

    $défaut  réduction par utilisation de la règle 29 (declaration)


état 43

   34 const_declaration: at_sign define Const IDF separ_dec . type affect_val constante pvg

    Int   décalage et aller à l'état 23
    reel  décalage et aller à l'état 24

    type  aller à l'état 55


état 44

   38 inOut: input_var par_ouv . IDF par_fer pvg

    IDF  décalage et aller à l'état 56


état 45

   39 inOut: output_var par_ouv . chaine vg IDF par_fer pvg
   40      | output_var par_ouv . chaine par_fer pvg
   41      | output_var par_ouv . IDF par_fer pvg

    IDF     décalage et aller à l'état 57
    chaine  décalage et aller à l'état 58


état 46

   42 affectation: IDF aff . expression pvg

    IDF        décalage et aller à l'état 59
    chaine     décalage et aller à l'état 60
    constante  décalage et aller à l'état 61
    reel       décalage et aller à l'état 62
    NOT        décalage et aller à l'état 63
    par_ouv    décalage et aller à l'état 64

    expression  aller à l'état 65


état 47

   43 affectation: IDF crochet_ouv . expression crochet_fer aff expression pvg

    IDF        décalage et aller à l'état 59
    chaine     décalage et aller à l'état 60
    constante  décalage et aller à l'état 61
    reel       décalage et aller à l'état 62
    NOT        décalage et aller à l'état 63
    par_ouv    décalage et aller à l'état 64

    expression  aller à l'état 66


état 48

   44 condition: IF par_ouv . expression par_fer THEN acc_ouv instructions acc_fer
   45          | IF par_ouv . expression par_fer THEN acc_ouv instructions acc_fer ELSE acc_ouv instructions acc_fer

    IDF        décalage et aller à l'état 59
    chaine     décalage et aller à l'état 60
    constante  décalage et aller à l'état 61
    reel       décalage et aller à l'état 62
    NOT        décalage et aller à l'état 63
    par_ouv    décalage et aller à l'état 64

    expression  aller à l'état 67


état 49

   48 bloc_instructions: acc_ouv . instructions acc_fer

    input_var   décalage et aller à l'état 29
    output_var  décalage et aller à l'état 30
    IDF         décalage et aller à l'état 31
    IF          décalage et aller à l'état 32
    DO          décalage et aller à l'état 33
    FOR         décalage et aller à l'état 34

    instruction   aller à l'état 35
    instructions  aller à l'état 68
    inOut         aller à l'état 37
    affectation   aller à l'état 38
    condition     aller à l'état 39
    boucle        aller à l'état 40


état 50

   46 boucle: DO bloc_instructions . WHILE par_ouv expression par_fer pvg

    WHILE  décalage et aller à l'état 69


état 51

   47 boucle: FOR IDF . FROM constante TO constante STEP constante bloc_instructions

    FROM  décalage et aller à l'état 70


état 52

    1 programme: MainPrgm IDF pvg Var declarations BeginPg acc_ouv instructions acc_fer . EndPg pvg

    EndPg  décalage et aller à l'état 71


état 53

    7 instructions: instructions instruction .

    $défaut  réduction par utilisation de la règle 7 (instructions)


état 54

   31 declaration_tableau: crochet_ouv type pvg . constante crochet_fer pvg

    constante  décalage et aller à l'état 72


état 55

   34 const_declaration: at_sign define Const IDF separ_dec type . affect_val constante pvg

    affect_val  décalage et aller à l'état 73


état 56

   38 inOut: input_var par_ouv IDF . par_fer pvg

    par_fer  décalage et aller à l'état 74


état 57

   41 inOut: output_var par_ouv IDF . par_fer pvg

    par_fer  décalage et aller à l'état 75


état 58

   39 inOut: output_var par_ouv chaine . vg IDF par_fer pvg
   40      | output_var par_ouv chaine . par_fer pvg

    vg       décalage et aller à l'état 76
    par_fer  décalage et aller à l'état 77


état 59

    8 expression: IDF .
   12           | IDF . crochet_ouv expression crochet_fer

    crochet_ouv  décalage et aller à l'état 78

    $défaut  réduction par utilisation de la règle 8 (expression)


état 60

   11 expression: chaine .

    $défaut  réduction par utilisation de la règle 11 (expression)


état 61

    9 expression: constante .

    $défaut  réduction par utilisation de la règle 9 (expression)


état 62

   10 expression: reel .

    $défaut  réduction par utilisation de la règle 10 (expression)


état 63

   15 expression: NOT . par_ouv expression par_fer

    par_ouv  décalage et aller à l'état 79


état 64

   13 expression: par_ouv . expression AND expression par_fer
   14           | par_ouv . expression OR expression par_fer
   20           | par_ouv . expression par_fer

    IDF        décalage et aller à l'état 59
    chaine     décalage et aller à l'état 60
    constante  décalage et aller à l'état 61
    reel       décalage et aller à l'état 62
    NOT        décalage et aller à l'état 63
    par_ouv    décalage et aller à l'état 64

    expression  aller à l'état 80


état 65

   16 expression: expression . add expression
   17           | expression . sous expression
   18           | expression . mult expression
   19           | expression . division expression
   21           | expression . inf expression
   22           | expression . sup expression
   23           | expression . inf_egal expression
   24           | expression . sup_egal expression
   25           | expression . egal expression
   26           | expression . not_egal expression
   42 affectation: IDF aff expression . pvg

    pvg       décalage et aller à l'état 81
    add       décalage et aller à l'état 82
    sous      décalage et aller à l'état 83
    mult      décalage et aller à l'état 84
    division  décalage et aller à l'état 85
    inf_egal  décalage et aller à l'état 86
    sup_egal  décalage et aller à l'état 87
    inf       décalage et aller à l'état 88
    sup       décalage et aller à l'état 89
    egal      décalage et aller à l'état 90
    not_egal  décalage et aller à l'état 91


état 66

   16 expression: expression . add expression
   17           | expression . sous expression
   18           | expression . mult expression
   19           | expression . division expression
   21           | expression . inf expression
   22           | expression . sup expression
   23           | expression . inf_egal expression
   24           | expression . sup_egal expression
   25           | expression . egal expression
   26           | expression . not_egal expression
   43 affectation: IDF crochet_ouv expression . crochet_fer aff expression pvg

    add          décalage et aller à l'état 82
    sous         décalage et aller à l'état 83
    mult         décalage et aller à l'état 84
    division     décalage et aller à l'état 85
    inf_egal     décalage et aller à l'état 86
    sup_egal     décalage et aller à l'état 87
    inf          décalage et aller à l'état 88
    sup          décalage et aller à l'état 89
    egal         décalage et aller à l'état 90
    not_egal     décalage et aller à l'état 91
    crochet_fer  décalage et aller à l'état 92


état 67

   16 expression: expression . add expression
   17           | expression . sous expression
   18           | expression . mult expression
   19           | expression . division expression
   21           | expression . inf expression
   22           | expression . sup expression
   23           | expression . inf_egal expression
   24           | expression . sup_egal expression
   25           | expression . egal expression
   26           | expression . not_egal expression
   44 condition: IF par_ouv expression . par_fer THEN acc_ouv instructions acc_fer
   45          | IF par_ouv expression . par_fer THEN acc_ouv instructions acc_fer ELSE acc_ouv instructions acc_fer

    add       décalage et aller à l'état 82
    sous      décalage et aller à l'état 83
    mult      décalage et aller à l'état 84
    division  décalage et aller à l'état 85
    inf_egal  décalage et aller à l'état 86
    sup_egal  décalage et aller à l'état 87
    inf       décalage et aller à l'état 88
    sup       décalage et aller à l'état 89
    egal      décalage et aller à l'état 90
    not_egal  décalage et aller à l'état 91
    par_fer   décalage et aller à l'état 93


état 68

    7 instructions: instructions . instruction
   48 bloc_instructions: acc_ouv instructions . acc_fer

    input_var   décalage et aller à l'état 29
    output_var  décalage et aller à l'état 30
    IDF         décalage et aller à l'état 31
    IF          décalage et aller à l'état 32
    DO          décalage et aller à l'état 33
    FOR         décalage et aller à l'état 34
    acc_fer     décalage et aller à l'état 94

    instruction  aller à l'état 53
    inOut        aller à l'état 37
    affectation  aller à l'état 38
    condition    aller à l'état 39
    boucle       aller à l'état 40


état 69

   46 boucle: DO bloc_instructions WHILE . par_ouv expression par_fer pvg

    par_ouv  décalage et aller à l'état 95


état 70

   47 boucle: FOR IDF FROM . constante TO constante STEP constante bloc_instructions

    constante  décalage et aller à l'état 96


état 71

    1 programme: MainPrgm IDF pvg Var declarations BeginPg acc_ouv instructions acc_fer EndPg . pvg

    pvg  décalage et aller à l'état 97


état 72

   31 declaration_tableau: crochet_ouv type pvg constante . crochet_fer pvg

    crochet_fer  décalage et aller à l'état 98


état 73

   34 const_declaration: at_sign define Const IDF separ_dec type affect_val . constante pvg

    constante  décalage et aller à l'état 99


état 74

   38 inOut: input_var par_ouv IDF par_fer . pvg

    pvg  décalage et aller à l'état 100


état 75

   41 inOut: output_var par_ouv IDF par_fer . pvg

    pvg  décalage et aller à l'état 101


état 76

   39 inOut: output_var par_ouv chaine vg . IDF par_fer pvg

    IDF  décalage et aller à l'état 102


état 77

   40 inOut: output_var par_ouv chaine par_fer . pvg

    pvg  décalage et aller à l'état 103


état 78

   12 expression: IDF crochet_ouv . expression crochet_fer

    IDF        décalage et aller à l'état 59
    chaine     décalage et aller à l'état 60
    constante  décalage et aller à l'état 61
    reel       décalage et aller à l'état 62
    NOT        décalage et aller à l'état 63
    par_ouv    décalage et aller à l'état 64

    expression  aller à l'état 104


état 79

   15 expression: NOT par_ouv . expression par_fer

    IDF        décalage et aller à l'état 59
    chaine     décalage et aller à l'état 60
    constante  décalage et aller à l'état 61
    reel       décalage et aller à l'état 62
    NOT        décalage et aller à l'état 63
    par_ouv    décalage et aller à l'état 64

    expression  aller à l'état 105


état 80

   13 expression: par_ouv expression . AND expression par_fer
   14           | par_ouv expression . OR expression par_fer
   16           | expression . add expression
   17           | expression . sous expression
   18           | expression . mult expression
   19           | expression . division expression
   20           | par_ouv expression . par_fer
   21           | expression . inf expression
   22           | expression . sup expression
   23           | expression . inf_egal expression
   24           | expression . sup_egal expression
   25           | expression . egal expression
   26           | expression . not_egal expression

    OR        décalage et aller à l'état 106
    AND       décalage et aller à l'état 107
    add       décalage et aller à l'état 82
    sous      décalage et aller à l'état 83
    mult      décalage et aller à l'état 84
    division  décalage et aller à l'état 85
    inf_egal  décalage et aller à l'état 86
    sup_egal  décalage et aller à l'état 87
    inf       décalage et aller à l'état 88
    sup       décalage et aller à l'état 89
    egal      décalage et aller à l'état 90
    not_egal  décalage et aller à l'état 91
    par_fer   décalage et aller à l'état 108


état 81

   42 affectation: IDF aff expression pvg .

    $défaut  réduction par utilisation de la règle 42 (affectation)


état 82

   16 expression: expression add . expression

    IDF        décalage et aller à l'état 59
    chaine     décalage et aller à l'état 60
    constante  décalage et aller à l'état 61
    reel       décalage et aller à l'état 62
    NOT        décalage et aller à l'état 63
    par_ouv    décalage et aller à l'état 64

    expression  aller à l'état 109


état 83

   17 expression: expression sous . expression

    IDF        décalage et aller à l'état 59
    chaine     décalage et aller à l'état 60
    constante  décalage et aller à l'état 61
    reel       décalage et aller à l'état 62
    NOT        décalage et aller à l'état 63
    par_ouv    décalage et aller à l'état 64

    expression  aller à l'état 110


état 84

   18 expression: expression mult . expression

    IDF        décalage et aller à l'état 59
    chaine     décalage et aller à l'état 60
    constante  décalage et aller à l'état 61
    reel       décalage et aller à l'état 62
    NOT        décalage et aller à l'état 63
    par_ouv    décalage et aller à l'état 64

    expression  aller à l'état 111


état 85

   19 expression: expression division . expression

    IDF        décalage et aller à l'état 59
    chaine     décalage et aller à l'état 60
    constante  décalage et aller à l'état 61
    reel       décalage et aller à l'état 62
    NOT        décalage et aller à l'état 63
    par_ouv    décalage et aller à l'état 64

    expression  aller à l'état 112


état 86

   23 expression: expression inf_egal . expression

    IDF        décalage et aller à l'état 59
    chaine     décalage et aller à l'état 60
    constante  décalage et aller à l'état 61
    reel       décalage et aller à l'état 62
    NOT        décalage et aller à l'état 63
    par_ouv    décalage et aller à l'état 64

    expression  aller à l'état 113


état 87

   24 expression: expression sup_egal . expression

    IDF        décalage et aller à l'état 59
    chaine     décalage et aller à l'état 60
    constante  décalage et aller à l'état 61
    reel       décalage et aller à l'état 62
    NOT        décalage et aller à l'état 63
    par_ouv    décalage et aller à l'état 64

    expression  aller à l'état 114


état 88

   21 expression: expression inf . expression

    IDF        décalage et aller à l'état 59
    chaine     décalage et aller à l'état 60
    constante  décalage et aller à l'état 61
    reel       décalage et aller à l'état 62
    NOT        décalage et aller à l'état 63
    par_ouv    décalage et aller à l'état 64

    expression  aller à l'état 115


état 89

   22 expression: expression sup . expression

    IDF        décalage et aller à l'état 59
    chaine     décalage et aller à l'état 60
    constante  décalage et aller à l'état 61
    reel       décalage et aller à l'état 62
    NOT        décalage et aller à l'état 63
    par_ouv    décalage et aller à l'état 64

    expression  aller à l'état 116


état 90

   25 expression: expression egal . expression

    IDF        décalage et aller à l'état 59
    chaine     décalage et aller à l'état 60
    constante  décalage et aller à l'état 61
    reel       décalage et aller à l'état 62
    NOT        décalage et aller à l'état 63
    par_ouv    décalage et aller à l'état 64

    expression  aller à l'état 117


état 91

   26 expression: expression not_egal . expression

    IDF        décalage et aller à l'état 59
    chaine     décalage et aller à l'état 60
    constante  décalage et aller à l'état 61
    reel       décalage et aller à l'état 62
    NOT        décalage et aller à l'état 63
    par_ouv    décalage et aller à l'état 64

    expression  aller à l'état 118


état 92

   43 affectation: IDF crochet_ouv expression crochet_fer . aff expression pvg

    aff  décalage et aller à l'état 119


état 93

   44 condition: IF par_ouv expression par_fer . THEN acc_ouv instructions acc_fer
   45          | IF par_ouv expression par_fer . THEN acc_ouv instructions acc_fer ELSE acc_ouv instructions acc_fer

    THEN  décalage et aller à l'état 120


état 94

   48 bloc_instructions: acc_ouv instructions acc_fer .

    $défaut  réduction par utilisation de la règle 48 (bloc_instructions)


état 95

   46 boucle: DO bloc_instructions WHILE par_ouv . expression par_fer pvg

    IDF        décalage et aller à l'état 59
    chaine     décalage et aller à l'état 60
    constante  décalage et aller à l'état 61
    reel       décalage et aller à l'état 62
    NOT        décalage et aller à l'état 63
    par_ouv    décalage et aller à l'état 64

    expression  aller à l'état 121


état 96

   47 boucle: FOR IDF FROM constante . TO constante STEP constante bloc_instructions

    TO  décalage et aller à l'état 122


état 97

    1 programme: MainPrgm IDF pvg Var declarations BeginPg acc_ouv instructions acc_fer EndPg pvg .

    $défaut  réduction par utilisation de la règle 1 (programme)


état 98

   31 declaration_tableau: crochet_ouv type pvg constante crochet_fer . pvg

    pvg  décalage et aller à l'état 123


état 99

   34 const_declaration: at_sign define Const IDF separ_dec type affect_val constante . pvg

    pvg  décalage et aller à l'état 124


état 100

   38 inOut: input_var par_ouv IDF par_fer pvg .

    $défaut  réduction par utilisation de la règle 38 (inOut)


état 101

   41 inOut: output_var par_ouv IDF par_fer pvg .

    $défaut  réduction par utilisation de la règle 41 (inOut)


état 102

   39 inOut: output_var par_ouv chaine vg IDF . par_fer pvg

    par_fer  décalage et aller à l'état 125


état 103

   40 inOut: output_var par_ouv chaine par_fer pvg .

    $défaut  réduction par utilisation de la règle 40 (inOut)


état 104

   12 expression: IDF crochet_ouv expression . crochet_fer
   16           | expression . add expression
   17           | expression . sous expression
   18           | expression . mult expression
   19           | expression . division expression
   21           | expression . inf expression
   22           | expression . sup expression
   23           | expression . inf_egal expression
   24           | expression . sup_egal expression
   25           | expression . egal expression
   26           | expression . not_egal expression

    add          décalage et aller à l'état 82
    sous         décalage et aller à l'état 83
    mult         décalage et aller à l'état 84
    division     décalage et aller à l'état 85
    inf_egal     décalage et aller à l'état 86
    sup_egal     décalage et aller à l'état 87
    inf          décalage et aller à l'état 88
    sup          décalage et aller à l'état 89
    egal         décalage et aller à l'état 90
    not_egal     décalage et aller à l'état 91
    crochet_fer  décalage et aller à l'état 126


état 105

   15 expression: NOT par_ouv expression . par_fer
   16           | expression . add expression
   17           | expression . sous expression
   18           | expression . mult expression
   19           | expression . division expression
   21           | expression . inf expression
   22           | expression . sup expression
   23           | expression . inf_egal expression
   24           | expression . sup_egal expression
   25           | expression . egal expression
   26           | expression . not_egal expression

    add       décalage et aller à l'état 82
    sous      décalage et aller à l'état 83
    mult      décalage et aller à l'état 84
    division  décalage et aller à l'état 85
    inf_egal  décalage et aller à l'état 86
    sup_egal  décalage et aller à l'état 87
    inf       décalage et aller à l'état 88
    sup       décalage et aller à l'état 89
    egal      décalage et aller à l'état 90
    not_egal  décalage et aller à l'état 91
    par_fer   décalage et aller à l'état 127


état 106

   14 expression: par_ouv expression OR . expression par_fer

    IDF        décalage et aller à l'état 59
    chaine     décalage et aller à l'état 60
    constante  décalage et aller à l'état 61
    reel       décalage et aller à l'état 62
    NOT        décalage et aller à l'état 63
    par_ouv    décalage et aller à l'état 64

    expression  aller à l'état 128


état 107

   13 expression: par_ouv expression AND . expression par_fer

    IDF        décalage et aller à l'état 59
    chaine     décalage et aller à l'état 60
    constante  décalage et aller à l'état 61
    reel       décalage et aller à l'état 62
    NOT        décalage et aller à l'état 63
    par_ouv    décalage et aller à l'état 64

    expression  aller à l'état 129


état 108

   20 expression: par_ouv expression par_fer .

    $défaut  réduction par utilisation de la règle 20 (expression)


état 109

   16 expression: expression . add expression
   16           | expression add expression .
   17           | expression . sous expression
   18           | expression . mult expression
   19           | expression . division expression
   21           | expression . inf expression
   22           | expression . sup expression
   23           | expression . inf_egal expression
   24           | expression . sup_egal expression
   25           | expression . egal expression
   26           | expression . not_egal expression

    mult      décalage et aller à l'état 84
    division  décalage et aller à l'état 85

    $défaut  réduction par utilisation de la règle 16 (expression)


état 110

   16 expression: expression . add expression
   17           | expression . sous expression
   17           | expression sous expression .
   18           | expression . mult expression
   19           | expression . division expression
   21           | expression . inf expression
   22           | expression . sup expression
   23           | expression . inf_egal expression
   24           | expression . sup_egal expression
   25           | expression . egal expression
   26           | expression . not_egal expression

    mult      décalage et aller à l'état 84
    division  décalage et aller à l'état 85

    $défaut  réduction par utilisation de la règle 17 (expression)


état 111

   16 expression: expression . add expression
   17           | expression . sous expression
   18           | expression . mult expression
   18           | expression mult expression .
   19           | expression . division expression
   21           | expression . inf expression
   22           | expression . sup expression
   23           | expression . inf_egal expression
   24           | expression . sup_egal expression
   25           | expression . egal expression
   26           | expression . not_egal expression

    $défaut  réduction par utilisation de la règle 18 (expression)


état 112

   16 expression: expression . add expression
   17           | expression . sous expression
   18           | expression . mult expression
   19           | expression . division expression
   19           | expression division expression .
   21           | expression . inf expression
   22           | expression . sup expression
   23           | expression . inf_egal expression
   24           | expression . sup_egal expression
   25           | expression . egal expression
   26           | expression . not_egal expression

    $défaut  réduction par utilisation de la règle 19 (expression)


état 113

   16 expression: expression . add expression
   17           | expression . sous expression
   18           | expression . mult expression
   19           | expression . division expression
   21           | expression . inf expression
   22           | expression . sup expression
   23           | expression . inf_egal expression
   23           | expression inf_egal expression .
   24           | expression . sup_egal expression
   25           | expression . egal expression
   26           | expression . not_egal expression

    add       décalage et aller à l'état 82
    sous      décalage et aller à l'état 83
    mult      décalage et aller à l'état 84
    division  décalage et aller à l'état 85

    $défaut  réduction par utilisation de la règle 23 (expression)


état 114

   16 expression: expression . add expression
   17           | expression . sous expression
   18           | expression . mult expression
   19           | expression . division expression
   21           | expression . inf expression
   22           | expression . sup expression
   23           | expression . inf_egal expression
   24           | expression . sup_egal expression
   24           | expression sup_egal expression .
   25           | expression . egal expression
   26           | expression . not_egal expression

    add       décalage et aller à l'état 82
    sous      décalage et aller à l'état 83
    mult      décalage et aller à l'état 84
    division  décalage et aller à l'état 85

    $défaut  réduction par utilisation de la règle 24 (expression)


état 115

   16 expression: expression . add expression
   17           | expression . sous expression
   18           | expression . mult expression
   19           | expression . division expression
   21           | expression . inf expression
   21           | expression inf expression .
   22           | expression . sup expression
   23           | expression . inf_egal expression
   24           | expression . sup_egal expression
   25           | expression . egal expression
   26           | expression . not_egal expression

    add       décalage et aller à l'état 82
    sous      décalage et aller à l'état 83
    mult      décalage et aller à l'état 84
    division  décalage et aller à l'état 85

    $défaut  réduction par utilisation de la règle 21 (expression)


état 116

   16 expression: expression . add expression
   17           | expression . sous expression
   18           | expression . mult expression
   19           | expression . division expression
   21           | expression . inf expression
   22           | expression . sup expression
   22           | expression sup expression .
   23           | expression . inf_egal expression
   24           | expression . sup_egal expression
   25           | expression . egal expression
   26           | expression . not_egal expression

    add       décalage et aller à l'état 82
    sous      décalage et aller à l'état 83
    mult      décalage et aller à l'état 84
    division  décalage et aller à l'état 85

    $défaut  réduction par utilisation de la règle 22 (expression)


état 117

   16 expression: expression . add expression
   17           | expression . sous expression
   18           | expression . mult expression
   19           | expression . division expression
   21           | expression . inf expression
   22           | expression . sup expression
   23           | expression . inf_egal expression
   24           | expression . sup_egal expression
   25           | expression . egal expression
   25           | expression egal expression .
   26           | expression . not_egal expression

    add       décalage et aller à l'état 82
    sous      décalage et aller à l'état 83
    mult      décalage et aller à l'état 84
    division  décalage et aller à l'état 85

    $défaut  réduction par utilisation de la règle 25 (expression)


état 118

   16 expression: expression . add expression
   17           | expression . sous expression
   18           | expression . mult expression
   19           | expression . division expression
   21           | expression . inf expression
   22           | expression . sup expression
   23           | expression . inf_egal expression
   24           | expression . sup_egal expression
   25           | expression . egal expression
   26           | expression . not_egal expression
   26           | expression not_egal expression .

    add       décalage et aller à l'état 82
    sous      décalage et aller à l'état 83
    mult      décalage et aller à l'état 84
    division  décalage et aller à l'état 85

    $défaut  réduction par utilisation de la règle 26 (expression)


état 119

   43 affectation: IDF crochet_ouv expression crochet_fer aff . expression pvg

    IDF        décalage et aller à l'état 59
    chaine     décalage et aller à l'état 60
    constante  décalage et aller à l'état 61
    reel       décalage et aller à l'état 62
    NOT        décalage et aller à l'état 63
    par_ouv    décalage et aller à l'état 64

    expression  aller à l'état 130


état 120

   44 condition: IF par_ouv expression par_fer THEN . acc_ouv instructions acc_fer
   45          | IF par_ouv expression par_fer THEN . acc_ouv instructions acc_fer ELSE acc_ouv instructions acc_fer

    acc_ouv  décalage et aller à l'état 131


état 121

   16 expression: expression . add expression
   17           | expression . sous expression
   18           | expression . mult expression
   19           | expression . division expression
   21           | expression . inf expression
   22           | expression . sup expression
   23           | expression . inf_egal expression
   24           | expression . sup_egal expression
   25           | expression . egal expression
   26           | expression . not_egal expression
   46 boucle: DO bloc_instructions WHILE par_ouv expression . par_fer pvg

    add       décalage et aller à l'état 82
    sous      décalage et aller à l'état 83
    mult      décalage et aller à l'état 84
    division  décalage et aller à l'état 85
    inf_egal  décalage et aller à l'état 86
    sup_egal  décalage et aller à l'état 87
    inf       décalage et aller à l'état 88
    sup       décalage et aller à l'état 89
    egal      décalage et aller à l'état 90
    not_egal  décalage et aller à l'état 91
    par_fer   décalage et aller à l'état 132


état 122

   47 boucle: FOR IDF FROM constante TO . constante STEP constante bloc_instructions

    constante  décalage et aller à l'état 133


état 123

   31 declaration_tableau: crochet_ouv type pvg constante crochet_fer pvg .

    $défaut  réduction par utilisation de la règle 31 (declaration_tableau)


état 124

   34 const_declaration: at_sign define Const IDF separ_dec type affect_val constante pvg .

    $défaut  réduction par utilisation de la règle 34 (const_declaration)


état 125

   39 inOut: output_var par_ouv chaine vg IDF par_fer . pvg

    pvg  décalage et aller à l'état 134


état 126

   12 expression: IDF crochet_ouv expression crochet_fer .

    $défaut  réduction par utilisation de la règle 12 (expression)


état 127

   15 expression: NOT par_ouv expression par_fer .

    $défaut  réduction par utilisation de la règle 15 (expression)


état 128

   14 expression: par_ouv expression OR expression . par_fer
   16           | expression . add expression
   17           | expression . sous expression
   18           | expression . mult expression
   19           | expression . division expression
   21           | expression . inf expression
   22           | expression . sup expression
   23           | expression . inf_egal expression
   24           | expression . sup_egal expression
   25           | expression . egal expression
   26           | expression . not_egal expression

    add       décalage et aller à l'état 82
    sous      décalage et aller à l'état 83
    mult      décalage et aller à l'état 84
    division  décalage et aller à l'état 85
    inf_egal  décalage et aller à l'état 86
    sup_egal  décalage et aller à l'état 87
    inf       décalage et aller à l'état 88
    sup       décalage et aller à l'état 89
    egal      décalage et aller à l'état 90
    not_egal  décalage et aller à l'état 91
    par_fer   décalage et aller à l'état 135


état 129

   13 expression: par_ouv expression AND expression . par_fer
   16           | expression . add expression
   17           | expression . sous expression
   18           | expression . mult expression
   19           | expression . division expression
   21           | expression . inf expression
   22           | expression . sup expression
   23           | expression . inf_egal expression
   24           | expression . sup_egal expression
   25           | expression . egal expression
   26           | expression . not_egal expression

    add       décalage et aller à l'état 82
    sous      décalage et aller à l'état 83
    mult      décalage et aller à l'état 84
    division  décalage et aller à l'état 85
    inf_egal  décalage et aller à l'état 86
    sup_egal  décalage et aller à l'état 87
    inf       décalage et aller à l'état 88
    sup       décalage et aller à l'état 89
    egal      décalage et aller à l'état 90
    not_egal  décalage et aller à l'état 91
    par_fer   décalage et aller à l'état 136


état 130

   16 expression: expression . add expression
   17           | expression . sous expression
   18           | expression . mult expression
   19           | expression . division expression
   21           | expression . inf expression
   22           | expression . sup expression
   23           | expression . inf_egal expression
   24           | expression . sup_egal expression
   25           | expression . egal expression
   26           | expression . not_egal expression
   43 affectation: IDF crochet_ouv expression crochet_fer aff expression . pvg

    pvg       décalage et aller à l'état 137
    add       décalage et aller à l'état 82
    sous      décalage et aller à l'état 83
    mult      décalage et aller à l'état 84
    division  décalage et aller à l'état 85
    inf_egal  décalage et aller à l'état 86
    sup_egal  décalage et aller à l'état 87
    inf       décalage et aller à l'état 88
    sup       décalage et aller à l'état 89
    egal      décalage et aller à l'état 90
    not_egal  décalage et aller à l'état 91


état 131

   44 condition: IF par_ouv expression par_fer THEN acc_ouv . instructions acc_fer
   45          | IF par_ouv expression par_fer THEN acc_ouv . instructions acc_fer ELSE acc_ouv instructions acc_fer

    input_var   décalage et aller à l'état 29
    output_var  décalage et aller à l'état 30
    IDF         décalage et aller à l'état 31
    IF          décalage et aller à l'état 32
    DO          décalage et aller à l'état 33
    FOR         décalage et aller à l'état 34

    instruction   aller à l'état 35
    instructions  aller à l'état 138
    inOut         aller à l'état 37
    affectation   aller à l'état 38
    condition     aller à l'état 39
    boucle        aller à l'état 40


état 132

   46 boucle: DO bloc_instructions WHILE par_ouv expression par_fer . pvg

    pvg  décalage et aller à l'état 139


état 133

   47 boucle: FOR IDF FROM constante TO constante . STEP constante bloc_instructions

    STEP  décalage et aller à l'état 140


état 134

   39 inOut: output_var par_ouv chaine vg IDF par_fer pvg .

    $défaut  réduction par utilisation de la règle 39 (inOut)


état 135

   14 expression: par_ouv expression OR expression par_fer .

    $défaut  réduction par utilisation de la règle 14 (expression)


état 136

   13 expression: par_ouv expression AND expression par_fer .

    $défaut  réduction par utilisation de la règle 13 (expression)


état 137

   43 affectation: IDF crochet_ouv expression crochet_fer aff expression pvg .

    $défaut  réduction par utilisation de la règle 43 (affectation)


état 138

    7 instructions: instructions . instruction
   44 condition: IF par_ouv expression par_fer THEN acc_ouv instructions . acc_fer
   45          | IF par_ouv expression par_fer THEN acc_ouv instructions . acc_fer ELSE acc_ouv instructions acc_fer

    input_var   décalage et aller à l'état 29
    output_var  décalage et aller à l'état 30
    IDF         décalage et aller à l'état 31
    IF          décalage et aller à l'état 32
    DO          décalage et aller à l'état 33
    FOR         décalage et aller à l'état 34
    acc_fer     décalage et aller à l'état 141

    instruction  aller à l'état 53
    inOut        aller à l'état 37
    affectation  aller à l'état 38
    condition    aller à l'état 39
    boucle       aller à l'état 40


état 139

   46 boucle: DO bloc_instructions WHILE par_ouv expression par_fer pvg .

    $défaut  réduction par utilisation de la règle 46 (boucle)


état 140

   47 boucle: FOR IDF FROM constante TO constante STEP . constante bloc_instructions

    constante  décalage et aller à l'état 142


état 141

   44 condition: IF par_ouv expression par_fer THEN acc_ouv instructions acc_fer .
   45          | IF par_ouv expression par_fer THEN acc_ouv instructions acc_fer . ELSE acc_ouv instructions acc_fer

    ELSE  décalage et aller à l'état 143

    $défaut  réduction par utilisation de la règle 44 (condition)


état 142

   47 boucle: FOR IDF FROM constante TO constante STEP constante . bloc_instructions

    acc_ouv  décalage et aller à l'état 49

    bloc_instructions  aller à l'état 144


état 143

   45 condition: IF par_ouv expression par_fer THEN acc_ouv instructions acc_fer ELSE . acc_ouv instructions acc_fer

    acc_ouv  décalage et aller à l'état 145


état 144

   47 boucle: FOR IDF FROM constante TO constante STEP constante bloc_instructions .

    $défaut  réduction par utilisation de la règle 47 (boucle)


état 145

   45 condition: IF par_ouv expression par_fer THEN acc_ouv instructions acc_fer ELSE acc_ouv . instructions acc_fer

    input_var   décalage et aller à l'état 29
    output_var  décalage et aller à l'état 30
    IDF         décalage et aller à l'état 31
    IF          décalage et aller à l'état 32
    DO          décalage et aller à l'état 33
    FOR         décalage et aller à l'état 34

    instruction   aller à l'état 35
    instructions  aller à l'état 146
    inOut         aller à l'état 37
    affectation   aller à l'état 38
    condition     aller à l'état 39
    boucle        aller à l'état 40


état 146

    7 instructions: instructions . instruction
   45 condition: IF par_ouv expression par_fer THEN acc_ouv instructions acc_fer ELSE acc_ouv instructions . acc_fer

    input_var   décalage et aller à l'état 29
    output_var  décalage et aller à l'état 30
    IDF         décalage et aller à l'état 31
    IF          décalage et aller à l'état 32
    DO          décalage et aller à l'état 33
    FOR         décalage et aller à l'état 34
    acc_fer     décalage et aller à l'état 147

    instruction  aller à l'état 53
    inOut        aller à l'état 37
    affectation  aller à l'état 38
    condition    aller à l'état 39
    boucle       aller à l'état 40


état 147

   45 condition: IF par_ouv expression par_fer THEN acc_ouv instructions acc_fer ELSE acc_ouv instructions acc_fer .

    $défaut  réduction par utilisation de la règle 45 (condition)
